<?xml version="1.0" encoding="UTF-8"?>
<!-- Generated by org.testng.reporters.JUnitReportReporter -->
<testsuite hostname="DESKTOP-G02Q5JM" failures="0" tests="1" name="pack.NewTest1" time="0.008" errors="0" timestamp="2024-02-27T12:15:47 IST" skipped="0">
  <testcase classname="pack.NewTest1" name="f" time="0.008"/>
  <system-out/>
</testsuite> <!-- pack.NewTest1 -->
